  DES.cpp
c:\users\yiugetan\source\repos\information_security_class\hw2\encryptdes\des.cpp(153): warning C4018: '<': signed/unsigned mismatch
c:\users\yiugetan\source\repos\information_security_class\hw2\encryptdes\des.cpp(162): warning C4018: '<': signed/unsigned mismatch
c:\users\yiugetan\source\repos\information_security_class\hw2\encryptdes\des.cpp(181): warning C4018: '<': signed/unsigned mismatch
c:\users\yiugetan\source\repos\information_security_class\hw2\encryptdes\des.cpp(208): warning C4018: '<': signed/unsigned mismatch
c:\users\yiugetan\source\repos\information_security_class\hw2\encryptdes\des.cpp(225): warning C4018: '<': signed/unsigned mismatch
c:\users\yiugetan\source\repos\information_security_class\hw2\encryptdes\des.cpp(242): warning C4018: '<': signed/unsigned mismatch
c:\users\yiugetan\source\repos\information_security_class\hw2\encryptdes\des.cpp(251): warning C4018: '<': signed/unsigned mismatch
c:\users\yiugetan\source\repos\information_security_class\hw2\encryptdes\des.cpp(257): warning C4018: '<': signed/unsigned mismatch
c:\users\yiugetan\source\repos\information_security_class\hw2\encryptdes\des.cpp(260): warning C4018: '<': signed/unsigned mismatch
c:\users\yiugetan\source\repos\information_security_class\hw2\encryptdes\des.cpp(273): warning C4018: '<': signed/unsigned mismatch
c:\users\yiugetan\source\repos\information_security_class\hw2\encryptdes\des.cpp(293): warning C4018: '<': signed/unsigned mismatch
c:\users\yiugetan\source\repos\information_security_class\hw2\encryptdes\des.cpp(302): warning C4018: '<': signed/unsigned mismatch
c:\users\yiugetan\source\repos\information_security_class\hw2\encryptdes\des.cpp(314): warning C4018: '<': signed/unsigned mismatch
c:\users\yiugetan\source\repos\information_security_class\hw2\encryptdes\des.cpp(333): warning C4018: '<': signed/unsigned mismatch
c:\users\yiugetan\source\repos\information_security_class\hw2\encryptdes\des.cpp(350): warning C4018: '<': signed/unsigned mismatch
c:\users\yiugetan\source\repos\information_security_class\hw2\encryptdes\des.cpp(372): warning C4018: '<': signed/unsigned mismatch
c:\users\yiugetan\source\repos\information_security_class\hw2\encryptdes\des.cpp(411): warning C4018: '<': signed/unsigned mismatch
c:\users\yiugetan\source\repos\information_security_class\hw2\encryptdes\des.cpp(422): warning C4018: '<': signed/unsigned mismatch
c:\users\yiugetan\source\repos\information_security_class\hw2\encryptdes\des.cpp(431): warning C4018: '<': signed/unsigned mismatch
c:\users\yiugetan\source\repos\information_security_class\hw2\encryptdes\des.cpp(451): warning C4018: '<': signed/unsigned mismatch
  main.cpp
  sbox.cpp
  Generating code
  All 530 functions were compiled because no usable IPDB/IOBJ from previous compilation was found.
  Finished generating code
  EncryptDES.vcxproj -> C:\Users\yiugetan\source\repos\Information_Security_Class\HW2\Release\EncryptDES.exe
